<?xml version="1.0" encoding="UTF-8"?>
<!-- Generated by org.testng.reporters.JUnitReportReporter -->
<testsuite hostname="TLPSYS11" name="hmspctest.Testhmspc" tests="1" failures="1" timestamp="25 Sep 2019 11:26:51 GMT" time="9.334" errors="0">
  <testcase name="f" time="9.334" classname="hmspctest.Testhmspc">
    <failure type="org.openqa.selenium.SessionNotCreatedException" message="session not created
from disconnected: Unable to receive message from renderer
  (Session info: chrome=77.0.3865.90)
Build info: version: &#039;3.141.59&#039;, revision: &#039;e82be7d358&#039;, time: &#039;2018-11-14T08:17:03&#039;
System info: host: &#039;TLPSYS11&#039;, ip: &#039;192.168.0.112&#039;, os.name: &#039;Windows 7&#039;, os.arch: &#039;amd64&#039;, os.version: &#039;6.1&#039;, java.version: &#039;1.8.0_221&#039;
Driver info: driver.version: ChromeDriver
remote stacktrace: Backtrace:
	Ordinal0 [0x001A7C53+1473619]
	Ordinal0 [0x0012AD71+961905]
	Ordinal0 [0x000B42B3+475827]
	Ordinal0 [0x000AC420+443424]
	Ordinal0 [0x000ABA5C+440924]
	Ordinal0 [0x000AB5F4+439796]
	Ordinal0 [0x000AB5B5+439733]
	Ordinal0 [0x000B2B15+469781]
	Ordinal0 [0x000AB56C+439660]
	Ordinal0 [0x000AC0C5+442565]
	Ordinal0 [0x000ABA5C+440924]
	Ordinal0 [0x000AB5F4+439796]
	Ordinal0 [0x000AB5B5+439733]
	Ordinal0 [0x000B146E+463982]
	Ordinal0 [0x000AB56C+439660]
	Ordinal0 [0x000AC0C5+442565]
	Ordinal0 [0x000ABA5C+440924]
	Ordinal0 [0x000AB5F4+439796]
	Ordinal0 [0x000AB5B5+439733]
	Ordinal0 [0x000AFC6B+457835]
	Ordinal0 [0x000AB56C+439660]
	Ordinal0 [0x000AC0C5+442565]
	Ordinal0 [0x000ABA5C+440924]
	Ordinal0 [0x000AB5F4+439796]
	Ordinal0 [0x000AB5B5+439733]
	Ordinal0 [0x000AF457+455767]
	Ordinal0 [0x000AB56C+439660]
	Ordinal0 [0x000AC0C5+442565]
	Ordinal0 [0x000ABA5C+440924]
	Ordinal0 [0x000AB5F4+439796]
	Ordinal0 [0x000AB5B5+439733]
	Ordinal0 [0x000A824C+426572]
	Ordinal0 [0x000AB56C+439660]
	Ordinal0 [0x000AB454+439380]
	Ordinal0 [0x000B4F10+478992]
	Ordinal0 [0x000698FE+170238]
	Ordinal0 [0x00068D1D+167197]
	Ordinal0 [0x0006742B+160811]
	Ordinal0 [0x00050AE6+68326]
	Ordinal0 [0x00051BF0+72688]
	Ordinal0 [0x00051B89+72585]
	Ordinal0 [0x00144B37+1067831]
	GetHandleVerifier [0x00246845+506677]
	GetHandleVerifier [0x002465E0+506064]
	GetHandleVerifier [0x0024D188+533624]
	GetHandleVerifier [0x0024701A+508682]
	Ordinal0 [0x0013C226+1032742]
	Ordinal0 [0x0013C09F+1032351]
	Ordinal0 [0x00146A4B+1075787]
	Ordinal0 [0x00146BB3+1076147]
	Ordinal0 [0x00145B65+1071973]
	BaseThreadInitThunk [0x755633CA+18]
	RtlInitializeExceptionChain [0x77549ED2+99]
	RtlInitializeExceptionChain [0x77549EA5+54]
">
      <![CDATA[org.openqa.selenium.SessionNotCreatedException: session not created
from disconnected: Unable to receive message from renderer
  (Session info: chrome=77.0.3865.90)
Build info: version: '3.141.59', revision: 'e82be7d358', time: '2018-11-14T08:17:03'
System info: host: 'TLPSYS11', ip: '192.168.0.112', os.name: 'Windows 7', os.arch: 'amd64', os.version: '6.1', java.version: '1.8.0_221'
Driver info: driver.version: ChromeDriver
remote stacktrace: Backtrace:
	Ordinal0 [0x001A7C53+1473619]
	Ordinal0 [0x0012AD71+961905]
	Ordinal0 [0x000B42B3+475827]
	Ordinal0 [0x000AC420+443424]
	Ordinal0 [0x000ABA5C+440924]
	Ordinal0 [0x000AB5F4+439796]
	Ordinal0 [0x000AB5B5+439733]
	Ordinal0 [0x000B2B15+469781]
	Ordinal0 [0x000AB56C+439660]
	Ordinal0 [0x000AC0C5+442565]
	Ordinal0 [0x000ABA5C+440924]
	Ordinal0 [0x000AB5F4+439796]
	Ordinal0 [0x000AB5B5+439733]
	Ordinal0 [0x000B146E+463982]
	Ordinal0 [0x000AB56C+439660]
	Ordinal0 [0x000AC0C5+442565]
	Ordinal0 [0x000ABA5C+440924]
	Ordinal0 [0x000AB5F4+439796]
	Ordinal0 [0x000AB5B5+439733]
	Ordinal0 [0x000AFC6B+457835]
	Ordinal0 [0x000AB56C+439660]
	Ordinal0 [0x000AC0C5+442565]
	Ordinal0 [0x000ABA5C+440924]
	Ordinal0 [0x000AB5F4+439796]
	Ordinal0 [0x000AB5B5+439733]
	Ordinal0 [0x000AF457+455767]
	Ordinal0 [0x000AB56C+439660]
	Ordinal0 [0x000AC0C5+442565]
	Ordinal0 [0x000ABA5C+440924]
	Ordinal0 [0x000AB5F4+439796]
	Ordinal0 [0x000AB5B5+439733]
	Ordinal0 [0x000A824C+426572]
	Ordinal0 [0x000AB56C+439660]
	Ordinal0 [0x000AB454+439380]
	Ordinal0 [0x000B4F10+478992]
	Ordinal0 [0x000698FE+170238]
	Ordinal0 [0x00068D1D+167197]
	Ordinal0 [0x0006742B+160811]
	Ordinal0 [0x00050AE6+68326]
	Ordinal0 [0x00051BF0+72688]
	Ordinal0 [0x00051B89+72585]
	Ordinal0 [0x00144B37+1067831]
	GetHandleVerifier [0x00246845+506677]
	GetHandleVerifier [0x002465E0+506064]
	GetHandleVerifier [0x0024D188+533624]
	GetHandleVerifier [0x0024701A+508682]
	Ordinal0 [0x0013C226+1032742]
	Ordinal0 [0x0013C09F+1032351]
	Ordinal0 [0x00146A4B+1075787]
	Ordinal0 [0x00146BB3+1076147]
	Ordinal0 [0x00145B65+1071973]
	BaseThreadInitThunk [0x755633CA+18]
	RtlInitializeExceptionChain [0x77549ED2+99]
	RtlInitializeExceptionChain [0x77549EA5+54]

	at sun.reflect.NativeConstructorAccessorImpl.newInstance0(Native Method)
	at sun.reflect.NativeConstructorAccessorImpl.newInstance(Unknown Source)
	at sun.reflect.DelegatingConstructorAccessorImpl.newInstance(Unknown Source)
	at java.lang.reflect.Constructor.newInstance(Unknown Source)
	at org.openqa.selenium.remote.W3CHandshakeResponse.lambda$errorHandler$0(W3CHandshakeResponse.java:62)
	at org.openqa.selenium.remote.HandshakeResponse.lambda$getResponseFunction$0(HandshakeResponse.java:30)
	at org.openqa.selenium.remote.ProtocolHandshake.lambda$createSession$0(ProtocolHandshake.java:126)
	at java.util.stream.ReferencePipeline$3$1.accept(Unknown Source)
	at java.util.Spliterators$ArraySpliterator.tryAdvance(Unknown Source)
	at java.util.stream.ReferencePipeline.forEachWithCancel(Unknown Source)
	at java.util.stream.AbstractPipeline.copyIntoWithCancel(Unknown Source)
	at java.util.stream.AbstractPipeline.copyInto(Unknown Source)
	at java.util.stream.AbstractPipeline.wrapAndCopyInto(Unknown Source)
	at java.util.stream.FindOps$FindOp.evaluateSequential(Unknown Source)
	at java.util.stream.AbstractPipeline.evaluate(Unknown Source)
	at java.util.stream.ReferencePipeline.findFirst(Unknown Source)
	at org.openqa.selenium.remote.ProtocolHandshake.createSession(ProtocolHandshake.java:128)
	at org.openqa.selenium.remote.ProtocolHandshake.createSession(ProtocolHandshake.java:74)
	at org.openqa.selenium.remote.HttpCommandExecutor.execute(HttpCommandExecutor.java:136)
	at org.openqa.selenium.remote.service.DriverCommandExecutor.execute(DriverCommandExecutor.java:83)
	at org.openqa.selenium.remote.RemoteWebDriver.execute(RemoteWebDriver.java:552)
	at org.openqa.selenium.remote.RemoteWebDriver.startSession(RemoteWebDriver.java:213)
	at org.openqa.selenium.remote.RemoteWebDriver.<init>(RemoteWebDriver.java:131)
	at org.openqa.selenium.chrome.ChromeDriver.<init>(ChromeDriver.java:181)
	at org.openqa.selenium.chrome.ChromeDriver.<init>(ChromeDriver.java:168)
	at org.openqa.selenium.chrome.ChromeDriver.<init>(ChromeDriver.java:123)
	at utlity.BaseClass.openbrowser(BaseClass.java:22)
	at testcomponents.Hmspcreg.lunchbrowser(Hmspcreg.java:10)
	at hmspctest.Testhmspc.f(Testhmspc.java:12)
	at sun.reflect.NativeMethodAccessorImpl.invoke0(Native Method)
	at sun.reflect.NativeMethodAccessorImpl.invoke(Unknown Source)
	at sun.reflect.DelegatingMethodAccessorImpl.invoke(Unknown Source)
	at java.lang.reflect.Method.invoke(Unknown Source)
	at org.testng.internal.MethodInvocationHelper.invokeMethod(MethodInvocationHelper.java:84)
	at org.testng.internal.Invoker.invokeMethod(Invoker.java:714)
	at org.testng.internal.Invoker.invokeTestMethod(Invoker.java:901)
	at org.testng.internal.Invoker.invokeTestMethods(Invoker.java:1231)
	at org.testng.internal.TestMethodWorker.invokeTestMethods(TestMethodWorker.java:127)
	at org.testng.internal.TestMethodWorker.run(TestMethodWorker.java:111)
	at org.testng.TestRunner.privateRun(TestRunner.java:767)
	at org.testng.TestRunner.run(TestRunner.java:617)
	at org.testng.SuiteRunner.runTest(SuiteRunner.java:348)
	at org.testng.SuiteRunner.runSequentially(SuiteRunner.java:343)
	at org.testng.SuiteRunner.privateRun(SuiteRunner.java:305)
	at org.testng.SuiteRunner.run(SuiteRunner.java:254)
	at org.testng.SuiteRunnerWorker.runSuite(SuiteRunnerWorker.java:52)
	at org.testng.SuiteRunnerWorker.run(SuiteRunnerWorker.java:86)
	at org.testng.TestNG.runSuitesSequentially(TestNG.java:1224)
	at org.testng.TestNG.runSuitesLocally(TestNG.java:1149)
	at org.testng.TestNG.run(TestNG.java:1057)
	at org.testng.remote.RemoteTestNG.run(RemoteTestNG.java:111)
	at org.testng.remote.RemoteTestNG.initAndRun(RemoteTestNG.java:204)
	at org.testng.remote.RemoteTestNG.main(RemoteTestNG.java:175)
]]>
    </failure>
  </testcase> <!-- f -->
</testsuite> <!-- hmspctest.Testhmspc -->
